2025-07-04T13:44:26.283Z  INFO 1 --- [account-service] [main] v.d.a.AccountServiceApplication          : Starting AccountServiceApplication v0.0.1-SNAPSHOT using Java 17.0.2 with PID 1 (/app/account-service-0.0.1-SNAPSHOT.jar started by root in /app)
2025-07-04T13:44:26.305Z  INFO 1 --- [account-service] [main] v.d.a.AccountServiceApplication          : No active profile set, falling back to 1 default profile: "default"
2025-07-04T13:44:27.144Z  INFO 1 --- [account-service] [main] o.s.c.c.c.ConfigServerConfigDataLoader   : Fetching config from server at : http://config-service:8763
2025-07-04T13:44:27.195Z  INFO 1 --- [account-service] [main] o.s.c.c.c.ConfigServerConfigDataLoader   : Exception on Url - http://config-service:8763:org.springframework.web.client.ResourceAccessException: I/O error on GET request for "http://config-service:8763/account-service/default": Connection refused. Will be trying the next url if available
2025-07-04T13:44:27.204Z  WARN 1 --- [account-service] [main] o.s.c.c.c.ConfigServerConfigDataLoader   : Could not locate PropertySource ([ConfigServerConfigDataResource@4593ff34 uris = array<String>['http://config-service:8763'], optional = true, profiles = 'default']): I/O error on GET request for "http://config-service:8763/account-service/default": Connection refused
2025-07-04T13:44:27.232Z  INFO 1 --- [account-service] [main] o.s.c.c.c.ConfigServerConfigDataLoader   : Fetching config from server at : http://config-service:8763
2025-07-04T13:44:27.235Z  INFO 1 --- [account-service] [main] o.s.c.c.c.ConfigServerConfigDataLoader   : Exception on Url - http://config-service:8763:org.springframework.web.client.ResourceAccessException: I/O error on GET request for "http://config-service:8763/account-service/default": Connection refused. Will be trying the next url if available
2025-07-04T13:44:27.240Z  WARN 1 --- [account-service] [main] o.s.c.c.c.ConfigServerConfigDataLoader   : Could not locate PropertySource ([ConfigServerConfigDataResource@2d8f2f3a uris = array<String>['http://config-service:8763'], optional = true, profiles = 'default']): I/O error on GET request for "http://config-service:8763/account-service/default": Connection refused
2025-07-04T13:44:27.281Z  INFO 1 --- [account-service] [main] o.s.c.c.c.ConfigServerConfigDataLoader   : Fetching config from server at : http://config-service:8763
2025-07-04T13:44:27.301Z  INFO 1 --- [account-service] [main] o.s.c.c.c.ConfigServerConfigDataLoader   : Exception on Url - http://config-service:8763:org.springframework.web.client.ResourceAccessException: I/O error on GET request for "http://config-service:8763/account-service/default": Connection refused. Will be trying the next url if available
2025-07-04T13:44:27.313Z  WARN 1 --- [account-service] [main] o.s.c.c.c.ConfigServerConfigDataLoader   : Could not locate PropertySource ([ConfigServerConfigDataResource@2024293c uris = array<String>['http://config-service:8763'], optional = true, profiles = 'default']): I/O error on GET request for "http://config-service:8763/account-service/default": Connection refused
2025-07-04T13:44:41.572Z  INFO 1 --- [account-service] [main] .s.d.r.c.RepositoryConfigurationDelegate : Bootstrapping Spring Data JPA repositories in DEFAULT mode.
2025-07-04T13:44:43.890Z  INFO 1 --- [account-service] [main] .s.d.r.c.RepositoryConfigurationDelegate : Finished Spring Data repository scanning in 1139 ms. Found 1 JPA repository interface.
2025-07-04T13:44:47.632Z  INFO 1 --- [account-service] [main] o.s.cloud.context.scope.GenericScope     : BeanFactory id=24b1e550-dc2a-3b83-8f1f-8f461c55813c
2025-07-04T13:44:56.791Z  INFO 1 --- [account-service] [main] o.s.b.w.embedded.tomcat.TomcatWebServer  : Tomcat initialized with port 8081 (http)
2025-07-04T13:44:56.895Z  INFO 1 --- [account-service] [main] o.apache.catalina.core.StandardService   : Starting service [Tomcat]
2025-07-04T13:44:56.899Z  INFO 1 --- [account-service] [main] o.apache.catalina.core.StandardEngine    : Starting Servlet engine: [Apache Tomcat/10.1.41]
2025-07-04T13:44:57.289Z  INFO 1 --- [account-service] [main] o.a.c.c.C.[Tomcat].[localhost].[/]       : Initializing Spring embedded WebApplicationContext
2025-07-04T13:44:57.303Z  INFO 1 --- [account-service] [main] w.s.c.ServletWebServerApplicationContext : Root WebApplicationContext: initialization completed in 29965 ms
2025-07-04T13:45:01.936Z  INFO 1 --- [account-service] [main] com.zaxxer.hikari.HikariDataSource       : HikariPool-1 - Starting...
2025-07-04T13:45:05.365Z  INFO 1 --- [account-service] [main] com.zaxxer.hikari.pool.HikariPool        : HikariPool-1 - Added connection com.mysql.cj.jdbc.ConnectionImpl@74eab077
2025-07-04T13:45:05.384Z  INFO 1 --- [account-service] [main] com.zaxxer.hikari.HikariDataSource       : HikariPool-1 - Start completed.
2025-07-04T13:45:06.068Z  INFO 1 --- [account-service] [main] o.hibernate.jpa.internal.util.LogHelper  : HHH000204: Processing PersistenceUnitInfo [name: default]
2025-07-04T13:45:08.658Z  INFO 1 --- [account-service] [main] org.hibernate.Version                    : HHH000412: Hibernate ORM core version 6.6.15.Final
2025-07-04T13:45:09.392Z  INFO 1 --- [account-service] [main] o.h.c.internal.RegionFactoryInitiator    : HHH000026: Second-level cache disabled
2025-07-04T13:45:11.583Z  INFO 1 --- [account-service] [main] o.s.o.j.p.SpringPersistenceUnitInfo      : No LoadTimeWeaver setup: ignoring JPA class transformer
2025-07-04T13:45:12.494Z  INFO 1 --- [account-service] [main] org.hibernate.orm.connections.pooling    : HHH10001005: Database info:
	Database JDBC URL [Connecting through datasource 'HikariDataSource (HikariPool-1)']
	Database driver: undefined/unknown
	Database version: 8.0.30
	Autocommit mode: undefined/unknown
	Isolation level: undefined/unknown
	Minimum pool size: undefined/unknown
	Maximum pool size: undefined/unknown
2025-07-04T13:45:17.293Z  INFO 1 --- [account-service] [main] o.h.e.t.j.p.i.JtaPlatformInitiator       : HHH000489: No JTA platform available (set 'hibernate.transaction.jta.platform' to enable JTA platform integration)
2025-07-04T13:45:17.339Z  INFO 1 --- [account-service] [main] j.LocalContainerEntityManagerFactoryBean : Initialized JPA EntityManagerFactory for persistence unit 'default'
2025-07-04T13:45:20.297Z  WARN 1 --- [account-service] [main] JpaBaseConfiguration$JpaWebConfiguration : spring.jpa.open-in-view is enabled by default. Therefore, database queries may be performed during view rendering. Explicitly configure spring.jpa.open-in-view to disable this warning
2025-07-04T13:45:22.162Z  INFO 1 --- [account-service] [main] DiscoveryClientOptionalArgsConfiguration : Eureka HTTP Client uses RestTemplate.
2025-07-04T13:45:22.462Z  WARN 1 --- [account-service] [main] iguration$LoadBalancerCaffeineWarnLogger : Spring Cloud LoadBalancer is currently working with the default cache. While this cache implementation is useful for development and tests, it's recommended to use Caffeine cache in production.You can switch to using Caffeine cache, by adding it and org.springframework.cache.caffeine.CaffeineCacheManager to the classpath.
2025-07-04T13:45:22.560Z  INFO 1 --- [account-service] [main] o.s.b.a.e.web.EndpointLinksResolver      : Exposing 1 endpoint beneath base path '/actuator'
2025-07-04T13:45:22.762Z  INFO 1 --- [account-service] [main] o.s.c.n.eureka.InstanceInfoFactory       : Setting initial instance status as: STARTING
2025-07-04T13:45:22.967Z  INFO 1 --- [account-service] [main] com.netflix.discovery.DiscoveryClient    : Initializing Eureka in region us-east-1
2025-07-04T13:45:22.979Z  INFO 1 --- [account-service] [main] c.n.d.s.r.aws.ConfigClusterResolver      : Resolving eureka endpoints via configuration
2025-07-04T13:45:23.031Z  INFO 1 --- [account-service] [main] com.netflix.discovery.DiscoveryClient    : Disable delta property : false
2025-07-04T13:45:23.053Z  INFO 1 --- [account-service] [main] com.netflix.discovery.DiscoveryClient    : Single vip registry refresh property : null
2025-07-04T13:45:23.055Z  INFO 1 --- [account-service] [main] com.netflix.discovery.DiscoveryClient    : Force full registry fetch : false
2025-07-04T13:45:23.058Z  INFO 1 --- [account-service] [main] com.netflix.discovery.DiscoveryClient    : Application is null : false
2025-07-04T13:45:23.063Z  INFO 1 --- [account-service] [main] com.netflix.discovery.DiscoveryClient    : Registered Applications size is zero : true
2025-07-04T13:45:23.064Z  INFO 1 --- [account-service] [main] com.netflix.discovery.DiscoveryClient    : Application version is -1: true
2025-07-04T13:45:23.071Z  INFO 1 --- [account-service] [main] com.netflix.discovery.DiscoveryClient    : Getting all instance registry info from the eureka server
2025-07-04T13:45:24.227Z  INFO 1 --- [account-service] [main] com.netflix.discovery.DiscoveryClient    : The response status is 200
2025-07-04T13:45:24.239Z  INFO 1 --- [account-service] [main] com.netflix.discovery.DiscoveryClient    : Starting heartbeat executor: renew interval is: 30
2025-07-04T13:45:24.251Z  INFO 1 --- [account-service] [main] c.n.discovery.InstanceInfoReplicator     : InstanceInfoReplicator onDemand update allowed rate per min is 4
2025-07-04T13:45:24.259Z  INFO 1 --- [account-service] [main] com.netflix.discovery.DiscoveryClient    : Discovery Client initialized at timestamp 1751636724256 with initial instances count: 0
2025-07-04T13:45:24.275Z  INFO 1 --- [account-service] [main] o.s.c.n.e.s.EurekaServiceRegistry        : Registering application ACCOUNT-SERVICE with eureka with status UP
2025-07-04T13:45:24.282Z  INFO 1 --- [account-service] [main] com.netflix.discovery.DiscoveryClient    : Saw local status change event StatusChangeEvent [timestamp=1751636724282, current=UP, previous=STARTING]
2025-07-04T13:45:24.319Z  INFO 1 --- [account-service] [DiscoveryClient-InstanceInfoReplicator-%d] com.netflix.discovery.DiscoveryClient    : DiscoveryClient_ACCOUNT-SERVICE/74da524d2ca5:account-service:8081: registering service...
2025-07-04T13:45:24.389Z  INFO 1 --- [account-service] [main] o.s.b.w.embedded.tomcat.TomcatWebServer  : Tomcat started on port 8081 (http) with context path '/'
2025-07-04T13:45:24.398Z  INFO 1 --- [account-service] [main] .s.c.n.e.s.EurekaAutoServiceRegistration : Updating port to 8081
2025-07-04T13:45:24.464Z  INFO 1 --- [account-service] [main] v.d.a.AccountServiceApplication          : Started AccountServiceApplication in 69.56 seconds (process running for 78.418)
2025-07-04T13:45:24.477Z  INFO 1 --- [account-service] [DiscoveryClient-InstanceInfoReplicator-%d] com.netflix.discovery.DiscoveryClient    : DiscoveryClient_ACCOUNT-SERVICE/74da524d2ca5:account-service:8081 - registration status: 204
2025-07-04T13:45:26.594Z  INFO 1 --- [account-service] [http-nio-8081-exec-2] o.a.c.c.C.[Tomcat].[localhost].[/]       : Initializing Spring DispatcherServlet 'dispatcherServlet'
2025-07-04T13:45:26.604Z  INFO 1 --- [account-service] [http-nio-8081-exec-2] o.s.web.servlet.DispatcherServlet        : Initializing Servlet 'dispatcherServlet'
2025-07-04T13:45:26.626Z  INFO 1 --- [account-service] [http-nio-8081-exec-2] o.s.web.servlet.DispatcherServlet        : Completed initialization in 20 ms
2025-07-04T13:45:54.243Z  INFO 1 --- [account-service] [DiscoveryClient-CacheRefreshExecutor-%d] com.netflix.discovery.DiscoveryClient    : Disable delta property : false
2025-07-04T13:45:54.256Z  INFO 1 --- [account-service] [DiscoveryClient-CacheRefreshExecutor-%d] com.netflix.discovery.DiscoveryClient    : Single vip registry refresh property : null
2025-07-04T13:45:54.282Z  INFO 1 --- [account-service] [DiscoveryClient-CacheRefreshExecutor-%d] com.netflix.discovery.DiscoveryClient    : Force full registry fetch : false
2025-07-04T13:45:54.285Z  INFO 1 --- [account-service] [DiscoveryClient-CacheRefreshExecutor-%d] com.netflix.discovery.DiscoveryClient    : Application is null : false
2025-07-04T13:45:54.315Z  INFO 1 --- [account-service] [DiscoveryClient-CacheRefreshExecutor-%d] com.netflix.discovery.DiscoveryClient    : Registered Applications size is zero : true
2025-07-04T13:45:54.327Z  INFO 1 --- [account-service] [DiscoveryClient-CacheRefreshExecutor-%d] com.netflix.discovery.DiscoveryClient    : Application version is -1: false
2025-07-04T13:45:54.334Z  INFO 1 --- [account-service] [DiscoveryClient-CacheRefreshExecutor-%d] com.netflix.discovery.DiscoveryClient    : Getting all instance registry info from the eureka server
2025-07-04T13:45:54.653Z  INFO 1 --- [account-service] [DiscoveryClient-CacheRefreshExecutor-%d] com.netflix.discovery.DiscoveryClient    : The response status is 200
2025-07-04T13:48:54.115Z  INFO 1 --- [account-service] [SpringApplicationShutdownHook] o.s.c.n.e.s.EurekaServiceRegistry        : Unregistering application ACCOUNT-SERVICE with eureka with status DOWN
2025-07-04T13:48:54.157Z  INFO 1 --- [account-service] [SpringApplicationShutdownHook] com.netflix.discovery.DiscoveryClient    : Saw local status change event StatusChangeEvent [timestamp=1751636934157, current=DOWN, previous=UP]
2025-07-04T13:48:54.170Z  INFO 1 --- [account-service] [DiscoveryClient-InstanceInfoReplicator-%d] com.netflix.discovery.DiscoveryClient    : DiscoveryClient_ACCOUNT-SERVICE/74da524d2ca5:account-service:8081: registering service...
2025-07-04T13:48:54.257Z  INFO 1 --- [account-service] [SpringApplicationShutdownHook] o.s.b.w.e.tomcat.GracefulShutdown        : Commencing graceful shutdown. Waiting for active requests to complete
2025-07-04T13:48:54.329Z  INFO 1 --- [account-service] [DiscoveryClient-InstanceInfoReplicator-%d] com.netflix.discovery.DiscoveryClient    : DiscoveryClient_ACCOUNT-SERVICE/74da524d2ca5:account-service:8081 - registration status: 204
2025-07-04T13:48:54.330Z  INFO 1 --- [account-service] [tomcat-shutdown] o.s.b.w.e.tomcat.GracefulShutdown        : Graceful shutdown complete
2025-07-04T13:48:54.519Z  INFO 1 --- [account-service] [SpringApplicationShutdownHook] j.LocalContainerEntityManagerFactoryBean : Closing JPA EntityManagerFactory for persistence unit 'default'
2025-07-04T13:48:54.550Z  INFO 1 --- [account-service] [SpringApplicationShutdownHook] com.zaxxer.hikari.HikariDataSource       : HikariPool-1 - Shutdown initiated...
2025-07-04T13:48:54.607Z  INFO 1 --- [account-service] [SpringApplicationShutdownHook] com.zaxxer.hikari.HikariDataSource       : HikariPool-1 - Shutdown completed.
2025-07-04T13:48:54.609Z  INFO 1 --- [account-service] [SpringApplicationShutdownHook] com.netflix.discovery.DiscoveryClient    : Shutting down DiscoveryClient ...
2025-07-04T13:48:57.619Z  WARN 1 --- [account-service] [DiscoveryClient-%d] c.netflix.discovery.TimedSupervisorTask  : task supervisor shutting down, can't accept the task
2025-07-04T13:48:57.618Z  INFO 1 --- [account-service] [SpringApplicationShutdownHook] com.netflix.discovery.DiscoveryClient    : Unregistering ...
2025-07-04T13:48:57.693Z  INFO 1 --- [account-service] [SpringApplicationShutdownHook] com.netflix.discovery.DiscoveryClient    : DiscoveryClient_ACCOUNT-SERVICE/74da524d2ca5:account-service:8081 - deregister  status: 200
2025-07-04T13:48:57.695Z  INFO 1 --- [account-service] [SpringApplicationShutdownHook] com.netflix.discovery.DiscoveryClient    : Completed shut down of DiscoveryClient
2025-07-04T13:53:07.111Z  INFO 1 --- [account-service] [main] v.d.a.AccountServiceApplication          : Starting AccountServiceApplication v0.0.1-SNAPSHOT using Java 17.0.2 with PID 1 (/app/account-service-0.0.1-SNAPSHOT.jar started by root in /app)
2025-07-04T13:53:07.162Z  INFO 1 --- [account-service] [main] v.d.a.AccountServiceApplication          : No active profile set, falling back to 1 default profile: "default"
2025-07-04T13:53:08.023Z  INFO 1 --- [account-service] [main] o.s.c.c.c.ConfigServerConfigDataLoader   : Fetching config from server at : http://config-service:8763
2025-07-04T13:53:08.036Z  INFO 1 --- [account-service] [main] o.s.c.c.c.ConfigServerConfigDataLoader   : Exception on Url - http://config-service:8763:org.springframework.web.client.ResourceAccessException: I/O error on GET request for "http://config-service:8763/account-service/default": Connection refused. Will be trying the next url if available
2025-07-04T13:53:08.037Z  WARN 1 --- [account-service] [main] o.s.c.c.c.ConfigServerConfigDataLoader   : Could not locate PropertySource ([ConfigServerConfigDataResource@4593ff34 uris = array<String>['http://config-service:8763'], optional = true, profiles = 'default']): I/O error on GET request for "http://config-service:8763/account-service/default": Connection refused
2025-07-04T13:53:08.054Z  INFO 1 --- [account-service] [main] o.s.c.c.c.ConfigServerConfigDataLoader   : Fetching config from server at : http://config-service:8763
2025-07-04T13:53:08.081Z  INFO 1 --- [account-service] [main] o.s.c.c.c.ConfigServerConfigDataLoader   : Exception on Url - http://config-service:8763:org.springframework.web.client.ResourceAccessException: I/O error on GET request for "http://config-service:8763/account-service/default": Connection refused. Will be trying the next url if available
2025-07-04T13:53:08.096Z  WARN 1 --- [account-service] [main] o.s.c.c.c.ConfigServerConfigDataLoader   : Could not locate PropertySource ([ConfigServerConfigDataResource@2d8f2f3a uris = array<String>['http://config-service:8763'], optional = true, profiles = 'default']): I/O error on GET request for "http://config-service:8763/account-service/default": Connection refused
2025-07-04T13:53:08.125Z  INFO 1 --- [account-service] [main] o.s.c.c.c.ConfigServerConfigDataLoader   : Fetching config from server at : http://config-service:8763
2025-07-04T13:53:08.139Z  INFO 1 --- [account-service] [main] o.s.c.c.c.ConfigServerConfigDataLoader   : Exception on Url - http://config-service:8763:org.springframework.web.client.ResourceAccessException: I/O error on GET request for "http://config-service:8763/account-service/default": Connection refused. Will be trying the next url if available
2025-07-04T13:53:08.145Z  WARN 1 --- [account-service] [main] o.s.c.c.c.ConfigServerConfigDataLoader   : Could not locate PropertySource ([ConfigServerConfigDataResource@2024293c uris = array<String>['http://config-service:8763'], optional = true, profiles = 'default']): I/O error on GET request for "http://config-service:8763/account-service/default": Connection refused
2025-07-04T13:53:22.094Z  INFO 1 --- [account-service] [main] .s.d.r.c.RepositoryConfigurationDelegate : Bootstrapping Spring Data JPA repositories in DEFAULT mode.
2025-07-04T13:53:24.296Z  INFO 1 --- [account-service] [main] .s.d.r.c.RepositoryConfigurationDelegate : Finished Spring Data repository scanning in 2030 ms. Found 1 JPA repository interface.
2025-07-04T13:53:27.250Z  INFO 1 --- [account-service] [main] o.s.cloud.context.scope.GenericScope     : BeanFactory id=24b1e550-dc2a-3b83-8f1f-8f461c55813c
2025-07-04T13:53:35.607Z  INFO 1 --- [account-service] [main] o.s.b.w.embedded.tomcat.TomcatWebServer  : Tomcat initialized with port 8081 (http)
2025-07-04T13:53:35.952Z  INFO 1 --- [account-service] [main] o.apache.catalina.core.StandardService   : Starting service [Tomcat]
2025-07-04T13:53:35.958Z  INFO 1 --- [account-service] [main] o.apache.catalina.core.StandardEngine    : Starting Servlet engine: [Apache Tomcat/10.1.41]
2025-07-04T13:53:36.903Z  INFO 1 --- [account-service] [main] o.a.c.c.C.[Tomcat].[localhost].[/]       : Initializing Spring embedded WebApplicationContext
2025-07-04T13:53:36.909Z  INFO 1 --- [account-service] [main] w.s.c.ServletWebServerApplicationContext : Root WebApplicationContext: initialization completed in 28720 ms
2025-07-04T13:53:41.166Z  INFO 1 --- [account-service] [main] com.zaxxer.hikari.HikariDataSource       : HikariPool-1 - Starting...
2025-07-04T13:53:43.803Z  INFO 1 --- [account-service] [main] com.zaxxer.hikari.pool.HikariPool        : HikariPool-1 - Added connection com.mysql.cj.jdbc.ConnectionImpl@6d842877
2025-07-04T13:53:43.830Z  INFO 1 --- [account-service] [main] com.zaxxer.hikari.HikariDataSource       : HikariPool-1 - Start completed.
2025-07-04T13:53:44.263Z  INFO 1 --- [account-service] [main] o.hibernate.jpa.internal.util.LogHelper  : HHH000204: Processing PersistenceUnitInfo [name: default]
2025-07-04T13:53:44.893Z  INFO 1 --- [account-service] [main] org.hibernate.Version                    : HHH000412: Hibernate ORM core version 6.6.15.Final
2025-07-04T13:53:45.567Z  INFO 1 --- [account-service] [main] o.h.c.internal.RegionFactoryInitiator    : HHH000026: Second-level cache disabled
2025-07-04T13:53:48.840Z  INFO 1 --- [account-service] [main] o.s.o.j.p.SpringPersistenceUnitInfo      : No LoadTimeWeaver setup: ignoring JPA class transformer
2025-07-04T13:53:49.372Z  INFO 1 --- [account-service] [main] org.hibernate.orm.connections.pooling    : HHH10001005: Database info:
	Database JDBC URL [Connecting through datasource 'HikariDataSource (HikariPool-1)']
	Database driver: undefined/unknown
	Database version: 8.0.30
	Autocommit mode: undefined/unknown
	Isolation level: undefined/unknown
	Minimum pool size: undefined/unknown
	Maximum pool size: undefined/unknown
2025-07-04T13:53:53.085Z  INFO 1 --- [account-service] [main] o.h.e.t.j.p.i.JtaPlatformInitiator       : HHH000489: No JTA platform available (set 'hibernate.transaction.jta.platform' to enable JTA platform integration)
2025-07-04T13:53:53.131Z  INFO 1 --- [account-service] [main] j.LocalContainerEntityManagerFactoryBean : Initialized JPA EntityManagerFactory for persistence unit 'default'
2025-07-04T13:53:54.760Z  WARN 1 --- [account-service] [main] JpaBaseConfiguration$JpaWebConfiguration : spring.jpa.open-in-view is enabled by default. Therefore, database queries may be performed during view rendering. Explicitly configure spring.jpa.open-in-view to disable this warning
2025-07-04T13:54:01.050Z  INFO 1 --- [account-service] [main] DiscoveryClientOptionalArgsConfiguration : Eureka HTTP Client uses RestTemplate.
2025-07-04T13:54:01.278Z  WARN 1 --- [account-service] [main] iguration$LoadBalancerCaffeineWarnLogger : Spring Cloud LoadBalancer is currently working with the default cache. While this cache implementation is useful for development and tests, it's recommended to use Caffeine cache in production.You can switch to using Caffeine cache, by adding it and org.springframework.cache.caffeine.CaffeineCacheManager to the classpath.
2025-07-04T13:54:01.304Z  INFO 1 --- [account-service] [main] o.s.b.a.e.web.EndpointLinksResolver      : Exposing 1 endpoint beneath base path '/actuator'
2025-07-04T13:54:01.629Z  INFO 1 --- [account-service] [main] o.s.c.n.eureka.InstanceInfoFactory       : Setting initial instance status as: STARTING
2025-07-04T13:54:01.736Z  INFO 1 --- [account-service] [main] com.netflix.discovery.DiscoveryClient    : Initializing Eureka in region us-east-1
2025-07-04T13:54:01.749Z  INFO 1 --- [account-service] [main] c.n.d.s.r.aws.ConfigClusterResolver      : Resolving eureka endpoints via configuration
2025-07-04T13:54:01.763Z  INFO 1 --- [account-service] [main] com.netflix.discovery.DiscoveryClient    : Disable delta property : false
2025-07-04T13:54:01.770Z  INFO 1 --- [account-service] [main] com.netflix.discovery.DiscoveryClient    : Single vip registry refresh property : null
2025-07-04T13:54:01.773Z  INFO 1 --- [account-service] [main] com.netflix.discovery.DiscoveryClient    : Force full registry fetch : false
2025-07-04T13:54:01.777Z  INFO 1 --- [account-service] [main] com.netflix.discovery.DiscoveryClient    : Application is null : false
2025-07-04T13:54:01.778Z  INFO 1 --- [account-service] [main] com.netflix.discovery.DiscoveryClient    : Registered Applications size is zero : true
2025-07-04T13:54:01.780Z  INFO 1 --- [account-service] [main] com.netflix.discovery.DiscoveryClient    : Application version is -1: true
2025-07-04T13:54:01.781Z  INFO 1 --- [account-service] [main] com.netflix.discovery.DiscoveryClient    : Getting all instance registry info from the eureka server
2025-07-04T13:54:02.664Z  INFO 1 --- [account-service] [main] com.netflix.discovery.DiscoveryClient    : The response status is 200
2025-07-04T13:54:02.670Z  INFO 1 --- [account-service] [main] com.netflix.discovery.DiscoveryClient    : Starting heartbeat executor: renew interval is: 30
2025-07-04T13:54:02.675Z  INFO 1 --- [account-service] [main] c.n.discovery.InstanceInfoReplicator     : InstanceInfoReplicator onDemand update allowed rate per min is 4
2025-07-04T13:54:02.682Z  INFO 1 --- [account-service] [main] com.netflix.discovery.DiscoveryClient    : Discovery Client initialized at timestamp 1751637242681 with initial instances count: 2
2025-07-04T13:54:02.698Z  INFO 1 --- [account-service] [main] o.s.c.n.e.s.EurekaServiceRegistry        : Registering application ACCOUNT-SERVICE with eureka with status UP
2025-07-04T13:54:02.701Z  INFO 1 --- [account-service] [main] com.netflix.discovery.DiscoveryClient    : Saw local status change event StatusChangeEvent [timestamp=1751637242701, current=UP, previous=STARTING]
2025-07-04T13:54:02.711Z  INFO 1 --- [account-service] [DiscoveryClient-InstanceInfoReplicator-%d] com.netflix.discovery.DiscoveryClient    : DiscoveryClient_ACCOUNT-SERVICE/74da524d2ca5:account-service:8081: registering service...
2025-07-04T13:54:02.810Z  INFO 1 --- [account-service] [main] o.s.b.w.embedded.tomcat.TomcatWebServer  : Tomcat started on port 8081 (http) with context path '/'
2025-07-04T13:54:02.817Z  INFO 1 --- [account-service] [main] .s.c.n.e.s.EurekaAutoServiceRegistration : Updating port to 8081
2025-07-04T13:54:02.913Z  INFO 1 --- [account-service] [DiscoveryClient-InstanceInfoReplicator-%d] com.netflix.discovery.DiscoveryClient    : DiscoveryClient_ACCOUNT-SERVICE/74da524d2ca5:account-service:8081 - registration status: 204
2025-07-04T13:54:02.932Z  INFO 1 --- [account-service] [main] v.d.a.AccountServiceApplication          : Started AccountServiceApplication in 68.453 seconds (process running for 78.006)
2025-07-04T13:54:05.657Z  INFO 1 --- [account-service] [http-nio-8081-exec-1] o.a.c.c.C.[Tomcat].[localhost].[/]       : Initializing Spring DispatcherServlet 'dispatcherServlet'
2025-07-04T13:54:05.676Z  INFO 1 --- [account-service] [http-nio-8081-exec-1] o.s.web.servlet.DispatcherServlet        : Initializing Servlet 'dispatcherServlet'
2025-07-04T13:54:05.682Z  INFO 1 --- [account-service] [http-nio-8081-exec-1] o.s.web.servlet.DispatcherServlet        : Completed initialization in 5 ms
