2025-07-10T16:42:21.287Z  INFO 1 --- [auth-service] [main] v.d.auth_service.AuthServiceApplication  : Starting AuthServiceApplication v0.0.1-SNAPSHOT using Java 17.0.2 with PID 1 (/app/auth-service-0.0.1-SNAPSHOT.jar started by root in /app)
2025-07-10T16:42:21.505Z  INFO 1 --- [auth-service] [main] v.d.auth_service.AuthServiceApplication  : No active profile set, falling back to 1 default profile: "default"
2025-07-10T16:42:32.077Z  INFO 1 --- [auth-service] [main] .s.d.r.c.RepositoryConfigurationDelegate : Bootstrapping Spring Data JPA repositories in DEFAULT mode.
2025-07-10T16:42:33.441Z  INFO 1 --- [auth-service] [main] .s.d.r.c.RepositoryConfigurationDelegate : Finished Spring Data repository scanning in 1202 ms. Found 1 JPA repository interface.
2025-07-10T16:42:35.831Z  INFO 1 --- [auth-service] [main] o.s.cloud.context.scope.GenericScope     : BeanFactory id=62e7942a-6111-32a1-93be-4b1d46c7ee50
2025-07-10T16:42:40.969Z  INFO 1 --- [auth-service] [main] o.s.b.w.embedded.tomcat.TomcatWebServer  : Tomcat initialized with port 8082 (http)
2025-07-10T16:42:41.065Z  INFO 1 --- [auth-service] [main] o.apache.catalina.core.StandardService   : Starting service [Tomcat]
2025-07-10T16:42:41.077Z  INFO 1 --- [auth-service] [main] o.apache.catalina.core.StandardEngine    : Starting Servlet engine: [Apache Tomcat/10.1.39]
2025-07-10T16:42:41.594Z  INFO 1 --- [auth-service] [main] o.a.c.c.C.[Tomcat].[localhost].[/]       : Initializing Spring embedded WebApplicationContext
2025-07-10T16:42:41.617Z  INFO 1 --- [auth-service] [main] w.s.c.ServletWebServerApplicationContext : Root WebApplicationContext: initialization completed in 19579 ms
2025-07-10T16:42:43.497Z  INFO 1 --- [auth-service] [main] com.zaxxer.hikari.HikariDataSource       : HikariPool-1 - Starting...
2025-07-10T16:42:49.882Z  INFO 1 --- [auth-service] [main] com.zaxxer.hikari.pool.HikariPool        : HikariPool-1 - Added connection com.mysql.cj.jdbc.ConnectionImpl@2fba0dac
2025-07-10T16:42:49.982Z  INFO 1 --- [auth-service] [main] com.zaxxer.hikari.HikariDataSource       : HikariPool-1 - Start completed.
2025-07-10T16:42:50.718Z  INFO 1 --- [auth-service] [main] o.hibernate.jpa.internal.util.LogHelper  : HHH000204: Processing PersistenceUnitInfo [name: default]
2025-07-10T16:42:51.425Z  INFO 1 --- [auth-service] [main] org.hibernate.Version                    : HHH000412: Hibernate ORM core version 6.6.11.Final
2025-07-10T16:42:52.205Z  INFO 1 --- [auth-service] [main] o.h.c.internal.RegionFactoryInitiator    : HHH000026: Second-level cache disabled
2025-07-10T16:42:54.088Z  INFO 1 --- [auth-service] [main] o.s.o.j.p.SpringPersistenceUnitInfo      : No LoadTimeWeaver setup: ignoring JPA class transformer
2025-07-10T16:42:54.788Z  INFO 1 --- [auth-service] [main] org.hibernate.orm.connections.pooling    : HHH10001005: Database info:
	Database JDBC URL [Connecting through datasource 'HikariDataSource (HikariPool-1)']
	Database driver: undefined/unknown
	Database version: 8.0.30
	Autocommit mode: undefined/unknown
	Isolation level: undefined/unknown
	Minimum pool size: undefined/unknown
	Maximum pool size: undefined/unknown
2025-07-10T16:43:01.352Z  INFO 1 --- [auth-service] [main] o.h.e.t.j.p.i.JtaPlatformInitiator       : HHH000489: No JTA platform available (set 'hibernate.transaction.jta.platform' to enable JTA platform integration)
2025-07-10T16:43:01.365Z  INFO 1 --- [auth-service] [main] j.LocalContainerEntityManagerFactoryBean : Initialized JPA EntityManagerFactory for persistence unit 'default'
2025-07-10T16:43:07.015Z  INFO 1 --- [auth-service] [main] r$InitializeUserDetailsManagerConfigurer : Global AuthenticationManager configured with UserDetailsService bean with name userDetailsService
2025-07-10T16:43:07.371Z  WARN 1 --- [auth-service] [main] JpaBaseConfiguration$JpaWebConfiguration : spring.jpa.open-in-view is enabled by default. Therefore, database queries may be performed during view rendering. Explicitly configure spring.jpa.open-in-view to disable this warning
2025-07-10T16:43:17.289Z  INFO 1 --- [auth-service] [main] DiscoveryClientOptionalArgsConfiguration : Eureka HTTP Client uses RestTemplate.
2025-07-10T16:43:17.661Z  WARN 1 --- [auth-service] [main] iguration$LoadBalancerCaffeineWarnLogger : Spring Cloud LoadBalancer is currently working with the default cache. While this cache implementation is useful for development and tests, it's recommended to use Caffeine cache in production.You can switch to using Caffeine cache, by adding it and org.springframework.cache.caffeine.CaffeineCacheManager to the classpath.
2025-07-10T16:43:17.784Z  INFO 1 --- [auth-service] [main] o.s.c.n.eureka.InstanceInfoFactory       : Setting initial instance status as: STARTING
2025-07-10T16:43:17.997Z  INFO 1 --- [auth-service] [main] com.netflix.discovery.DiscoveryClient    : Initializing Eureka in region us-east-1
2025-07-10T16:43:18.030Z  INFO 1 --- [auth-service] [main] c.n.d.s.r.aws.ConfigClusterResolver      : Resolving eureka endpoints via configuration
2025-07-10T16:43:18.104Z  INFO 1 --- [auth-service] [main] com.netflix.discovery.DiscoveryClient    : Disable delta property : false
2025-07-10T16:43:18.124Z  INFO 1 --- [auth-service] [main] com.netflix.discovery.DiscoveryClient    : Single vip registry refresh property : null
2025-07-10T16:43:18.128Z  INFO 1 --- [auth-service] [main] com.netflix.discovery.DiscoveryClient    : Force full registry fetch : false
2025-07-10T16:43:18.140Z  INFO 1 --- [auth-service] [main] com.netflix.discovery.DiscoveryClient    : Application is null : false
2025-07-10T16:43:18.143Z  INFO 1 --- [auth-service] [main] com.netflix.discovery.DiscoveryClient    : Registered Applications size is zero : true
2025-07-10T16:43:18.229Z  INFO 1 --- [auth-service] [main] com.netflix.discovery.DiscoveryClient    : Application version is -1: true
2025-07-10T16:43:18.231Z  INFO 1 --- [auth-service] [main] com.netflix.discovery.DiscoveryClient    : Getting all instance registry info from the eureka server
2025-07-10T16:43:21.018Z  INFO 1 --- [auth-service] [main] com.netflix.discovery.DiscoveryClient    : The response status is 200
2025-07-10T16:43:21.026Z  INFO 1 --- [auth-service] [main] com.netflix.discovery.DiscoveryClient    : Starting heartbeat executor: renew interval is: 30
2025-07-10T16:43:21.050Z  INFO 1 --- [auth-service] [main] c.n.discovery.InstanceInfoReplicator     : InstanceInfoReplicator onDemand update allowed rate per min is 4
2025-07-10T16:43:21.071Z  INFO 1 --- [auth-service] [main] com.netflix.discovery.DiscoveryClient    : Discovery Client initialized at timestamp 1752165801070 with initial instances count: 0
2025-07-10T16:43:21.120Z  INFO 1 --- [auth-service] [main] o.s.c.n.e.s.EurekaServiceRegistry        : Registering application AUTH-SERVICE with eureka with status UP
2025-07-10T16:43:21.130Z  INFO 1 --- [auth-service] [main] com.netflix.discovery.DiscoveryClient    : Saw local status change event StatusChangeEvent [timestamp=1752165801130, current=UP, previous=STARTING]
2025-07-10T16:43:21.274Z  INFO 1 --- [auth-service] [DiscoveryClient-InstanceInfoReplicator-%d] com.netflix.discovery.DiscoveryClient    : DiscoveryClient_AUTH-SERVICE/43ce74a79875:auth-service:8082: registering service...
2025-07-10T16:43:21.642Z  INFO 1 --- [auth-service] [main] o.s.b.w.embedded.tomcat.TomcatWebServer  : Tomcat started on port 8082 (http) with context path '/'
2025-07-10T16:43:21.687Z  INFO 1 --- [auth-service] [main] .s.c.n.e.s.EurekaAutoServiceRegistration : Updating port to 8082
2025-07-10T16:43:21.846Z  INFO 1 --- [auth-service] [main] v.d.auth_service.AuthServiceApplication  : Started AuthServiceApplication in 65.167 seconds (process running for 71.94)
2025-07-10T16:43:22.234Z  INFO 1 --- [auth-service] [DiscoveryClient-InstanceInfoReplicator-%d] com.netflix.discovery.DiscoveryClient    : DiscoveryClient_AUTH-SERVICE/43ce74a79875:auth-service:8082 - registration status: 204
2025-07-10T16:43:51.048Z  INFO 1 --- [auth-service] [DiscoveryClient-CacheRefreshExecutor-%d] com.netflix.discovery.DiscoveryClient    : Disable delta property : false
2025-07-10T16:43:51.065Z  INFO 1 --- [auth-service] [DiscoveryClient-CacheRefreshExecutor-%d] com.netflix.discovery.DiscoveryClient    : Single vip registry refresh property : null
2025-07-10T16:43:51.066Z  INFO 1 --- [auth-service] [DiscoveryClient-CacheRefreshExecutor-%d] com.netflix.discovery.DiscoveryClient    : Force full registry fetch : false
2025-07-10T16:43:51.068Z  INFO 1 --- [auth-service] [DiscoveryClient-CacheRefreshExecutor-%d] com.netflix.discovery.DiscoveryClient    : Application is null : false
2025-07-10T16:43:51.070Z  INFO 1 --- [auth-service] [DiscoveryClient-CacheRefreshExecutor-%d] com.netflix.discovery.DiscoveryClient    : Registered Applications size is zero : true
2025-07-10T16:43:51.073Z  INFO 1 --- [auth-service] [DiscoveryClient-CacheRefreshExecutor-%d] com.netflix.discovery.DiscoveryClient    : Application version is -1: false
2025-07-10T16:43:51.075Z  INFO 1 --- [auth-service] [DiscoveryClient-CacheRefreshExecutor-%d] com.netflix.discovery.DiscoveryClient    : Getting all instance registry info from the eureka server
2025-07-10T16:43:51.303Z  INFO 1 --- [auth-service] [DiscoveryClient-CacheRefreshExecutor-%d] com.netflix.discovery.DiscoveryClient    : The response status is 200
2025-07-10T16:46:04.119Z  INFO 1 --- [auth-service] [http-nio-8082-exec-3] o.a.c.c.C.[Tomcat].[localhost].[/]       : Initializing Spring DispatcherServlet 'dispatcherServlet'
2025-07-10T16:46:04.123Z  INFO 1 --- [auth-service] [http-nio-8082-exec-3] o.s.web.servlet.DispatcherServlet        : Initializing Servlet 'dispatcherServlet'
2025-07-10T16:46:04.136Z  INFO 1 --- [auth-service] [http-nio-8082-exec-3] o.s.web.servlet.DispatcherServlet        : Completed initialization in 12 ms
2025-07-10T16:46:38.057Z  INFO 1 --- [auth-service] [http-nio-8082-exec-7] v.d.a.c.AuthenticationController         : Verifying token: Bearer eyJhbGciOiJIUzI1NiJ9.eyJzdWIiOiJldGhhbnBoYW0iLCJpYXQiOjE3NTIxNjU5NzAsImV4cCI6MTc1MjE2NjA5MH0.V9NsJtkIhIB9hIt9JOVzgoYlH2a9z7UlBUqYaWcQEQ8
2025-07-10T16:46:38.059Z  INFO 1 --- [auth-service] [http-nio-8082-exec-7] v.d.a.services.AuthenticationService     : verifyToken|authHeader: Bearer eyJhbGciOiJIUzI1NiJ9.eyJzdWIiOiJldGhhbnBoYW0iLCJpYXQiOjE3NTIxNjU5NzAsImV4cCI6MTc1MjE2NjA5MH0.V9NsJtkIhIB9hIt9JOVzgoYlH2a9z7UlBUqYaWcQEQ8
2025-07-10T16:46:38.073Z  INFO 1 --- [auth-service] [http-nio-8082-exec-7] v.d.a.services.AuthenticationService     : verifyToken|X-User-Token: ZXRoYW5waGFtOkFETUlO
2025-07-10T16:47:04.515Z ERROR 1 --- [auth-service] [http-nio-8082-exec-8] o.a.c.c.C.[.[.[/].[dispatcherServlet]    : Servlet.service() for servlet [dispatcherServlet] in context with path [] threw exception

io.jsonwebtoken.ExpiredJwtException: JWT expired at 2025-07-05T04:46:30Z. Current time: 2025-07-10T16:47:04Z, a difference of 475234499 milliseconds.  Allowed clock skew: 0 milliseconds.
	at io.jsonwebtoken.impl.DefaultJwtParser.parse(DefaultJwtParser.java:427) ~[jjwt-impl-0.11.5.jar!/:0.11.5]
	at io.jsonwebtoken.impl.DefaultJwtParser.parse(DefaultJwtParser.java:529) ~[jjwt-impl-0.11.5.jar!/:0.11.5]
	at io.jsonwebtoken.impl.DefaultJwtParser.parseClaimsJws(DefaultJwtParser.java:589) ~[jjwt-impl-0.11.5.jar!/:0.11.5]
	at io.jsonwebtoken.impl.ImmutableJwtParser.parseClaimsJws(ImmutableJwtParser.java:173) ~[jjwt-impl-0.11.5.jar!/:0.11.5]
	at vti.dtn.auth_service.services.JwtService.extractAllClaims(JwtService.java:63) ~[!/:0.0.1-SNAPSHOT]
	at vti.dtn.auth_service.services.JwtService.extractClaim(JwtService.java:68) ~[!/:0.0.1-SNAPSHOT]
	at vti.dtn.auth_service.services.JwtService.extractUsername(JwtService.java:95) ~[!/:0.0.1-SNAPSHOT]
	at vti.dtn.auth_service.filter.JwtFilter.doFilterInternal(JwtFilter.java:34) ~[!/:0.0.1-SNAPSHOT]
	at org.springframework.web.filter.OncePerRequestFilter.doFilter(OncePerRequestFilter.java:116) ~[spring-web-6.2.5.jar!/:6.2.5]
	at org.apache.catalina.core.ApplicationFilterChain.internalDoFilter(ApplicationFilterChain.java:164) ~[tomcat-embed-core-10.1.39.jar!/:na]
	at org.apache.catalina.core.ApplicationFilterChain.doFilter(ApplicationFilterChain.java:140) ~[tomcat-embed-core-10.1.39.jar!/:na]
	at org.springframework.web.filter.CompositeFilter$VirtualFilterChain.doFilter(CompositeFilter.java:108) ~[spring-web-6.2.5.jar!/:6.2.5]
	at org.springframework.security.web.FilterChainProxy.doFilterInternal(FilterChainProxy.java:219) ~[spring-security-web-6.4.4.jar!/:6.4.4]
	at org.springframework.security.web.FilterChainProxy.doFilter(FilterChainProxy.java:191) ~[spring-security-web-6.4.4.jar!/:6.4.4]
	at org.springframework.web.filter.CompositeFilter$VirtualFilterChain.doFilter(CompositeFilter.java:113) ~[spring-web-6.2.5.jar!/:6.2.5]
	at org.springframework.web.servlet.handler.HandlerMappingIntrospector.lambda$createCacheFilter$3(HandlerMappingIntrospector.java:243) ~[spring-webmvc-6.2.5.jar!/:6.2.5]
	at org.springframework.web.filter.CompositeFilter$VirtualFilterChain.doFilter(CompositeFilter.java:113) ~[spring-web-6.2.5.jar!/:6.2.5]
	at org.springframework.web.filter.CompositeFilter.doFilter(CompositeFilter.java:74) ~[spring-web-6.2.5.jar!/:6.2.5]
	at org.springframework.security.config.annotation.web.configuration.WebMvcSecurityConfiguration$CompositeFilterChainProxy.doFilter(WebMvcSecurityConfiguration.java:238) ~[spring-security-config-6.4.4.jar!/:6.4.4]
	at org.springframework.web.filter.DelegatingFilterProxy.invokeDelegate(DelegatingFilterProxy.java:362) ~[spring-web-6.2.5.jar!/:6.2.5]
	at org.springframework.web.filter.DelegatingFilterProxy.doFilter(DelegatingFilterProxy.java:278) ~[spring-web-6.2.5.jar!/:6.2.5]
	at org.apache.catalina.core.ApplicationFilterChain.internalDoFilter(ApplicationFilterChain.java:164) ~[tomcat-embed-core-10.1.39.jar!/:na]
	at org.apache.catalina.core.ApplicationFilterChain.doFilter(ApplicationFilterChain.java:140) ~[tomcat-embed-core-10.1.39.jar!/:na]
	at org.springframework.web.filter.RequestContextFilter.doFilterInternal(RequestContextFilter.java:100) ~[spring-web-6.2.5.jar!/:6.2.5]
	at org.springframework.web.filter.OncePerRequestFilter.doFilter(OncePerRequestFilter.java:116) ~[spring-web-6.2.5.jar!/:6.2.5]
	at org.apache.catalina.core.ApplicationFilterChain.internalDoFilter(ApplicationFilterChain.java:164) ~[tomcat-embed-core-10.1.39.jar!/:na]
	at org.apache.catalina.core.ApplicationFilterChain.doFilter(ApplicationFilterChain.java:140) ~[tomcat-embed-core-10.1.39.jar!/:na]
	at org.springframework.web.filter.FormContentFilter.doFilterInternal(FormContentFilter.java:93) ~[spring-web-6.2.5.jar!/:6.2.5]
	at org.springframework.web.filter.OncePerRequestFilter.doFilter(OncePerRequestFilter.java:116) ~[spring-web-6.2.5.jar!/:6.2.5]
	at org.apache.catalina.core.ApplicationFilterChain.internalDoFilter(ApplicationFilterChain.java:164) ~[tomcat-embed-core-10.1.39.jar!/:na]
	at org.apache.catalina.core.ApplicationFilterChain.doFilter(ApplicationFilterChain.java:140) ~[tomcat-embed-core-10.1.39.jar!/:na]
	at org.springframework.web.filter.CharacterEncodingFilter.doFilterInternal(CharacterEncodingFilter.java:201) ~[spring-web-6.2.5.jar!/:6.2.5]
	at org.springframework.web.filter.OncePerRequestFilter.doFilter(OncePerRequestFilter.java:116) ~[spring-web-6.2.5.jar!/:6.2.5]
	at org.apache.catalina.core.ApplicationFilterChain.internalDoFilter(ApplicationFilterChain.java:164) ~[tomcat-embed-core-10.1.39.jar!/:na]
	at org.apache.catalina.core.ApplicationFilterChain.doFilter(ApplicationFilterChain.java:140) ~[tomcat-embed-core-10.1.39.jar!/:na]
	at org.apache.catalina.core.StandardWrapperValve.invoke(StandardWrapperValve.java:167) ~[tomcat-embed-core-10.1.39.jar!/:na]
	at org.apache.catalina.core.StandardContextValve.invoke(StandardContextValve.java:90) ~[tomcat-embed-core-10.1.39.jar!/:na]
	at org.apache.catalina.authenticator.AuthenticatorBase.invoke(AuthenticatorBase.java:483) ~[tomcat-embed-core-10.1.39.jar!/:na]
	at org.apache.catalina.core.StandardHostValve.invoke(StandardHostValve.java:115) ~[tomcat-embed-core-10.1.39.jar!/:na]
	at org.apache.catalina.valves.ErrorReportValve.invoke(ErrorReportValve.java:93) ~[tomcat-embed-core-10.1.39.jar!/:na]
	at org.apache.catalina.core.StandardEngineValve.invoke(StandardEngineValve.java:74) ~[tomcat-embed-core-10.1.39.jar!/:na]
	at org.apache.catalina.connector.CoyoteAdapter.service(CoyoteAdapter.java:344) ~[tomcat-embed-core-10.1.39.jar!/:na]
	at org.apache.coyote.http11.Http11Processor.service(Http11Processor.java:397) ~[tomcat-embed-core-10.1.39.jar!/:na]
	at org.apache.coyote.AbstractProcessorLight.process(AbstractProcessorLight.java:63) ~[tomcat-embed-core-10.1.39.jar!/:na]
	at org.apache.coyote.AbstractProtocol$ConnectionHandler.process(AbstractProtocol.java:905) ~[tomcat-embed-core-10.1.39.jar!/:na]
	at org.apache.tomcat.util.net.NioEndpoint$SocketProcessor.doRun(NioEndpoint.java:1743) ~[tomcat-embed-core-10.1.39.jar!/:na]
	at org.apache.tomcat.util.net.SocketProcessorBase.run(SocketProcessorBase.java:52) ~[tomcat-embed-core-10.1.39.jar!/:na]
	at org.apache.tomcat.util.threads.ThreadPoolExecutor.runWorker(ThreadPoolExecutor.java:1190) ~[tomcat-embed-core-10.1.39.jar!/:na]
	at org.apache.tomcat.util.threads.ThreadPoolExecutor$Worker.run(ThreadPoolExecutor.java:659) ~[tomcat-embed-core-10.1.39.jar!/:na]
	at org.apache.tomcat.util.threads.TaskThread$WrappingRunnable.run(TaskThread.java:63) ~[tomcat-embed-core-10.1.39.jar!/:na]
	at java.base/java.lang.Thread.run(Thread.java:833) ~[na:na]

2025-07-10T16:47:09.439Z  INFO 1 --- [auth-service] [http-nio-8082-exec-9] v.d.a.c.AuthenticationController         : Verifying token: Bearer eyJhbGciOiJIUzI1NiJ9.eyJzdWIiOiJldGhhbnBoYW0iLCJpYXQiOjE3NTIxNjU5NzAsImV4cCI6MTc1MjE2NjA5MH0.V9NsJtkIhIB9hIt9JOVzgoYlH2a9z7UlBUqYaWcQEQ8
2025-07-10T16:47:09.441Z  INFO 1 --- [auth-service] [http-nio-8082-exec-9] v.d.a.services.AuthenticationService     : verifyToken|authHeader: Bearer eyJhbGciOiJIUzI1NiJ9.eyJzdWIiOiJldGhhbnBoYW0iLCJpYXQiOjE3NTIxNjU5NzAsImV4cCI6MTc1MjE2NjA5MH0.V9NsJtkIhIB9hIt9JOVzgoYlH2a9z7UlBUqYaWcQEQ8
2025-07-10T16:47:09.455Z  INFO 1 --- [auth-service] [http-nio-8082-exec-9] v.d.a.services.AuthenticationService     : verifyToken|X-User-Token: ZXRoYW5waGFtOkFETUlO
2025-07-10T16:47:18.796Z  INFO 1 --- [auth-service] [http-nio-8082-exec-10] v.d.a.c.AuthenticationController         : Verifying token: Bearer eyJhbGciOiJIUzI1NiJ9.eyJzdWIiOiJldGhhbnBoYW0iLCJpYXQiOjE3NTIxNjU5NzAsImV4cCI6MTc1MjE2NjA5MH0.V9NsJtkIhIB9hIt9JOVzgoYlH2a9z7UlBUqYaWcQEQ8
2025-07-10T16:47:18.801Z  INFO 1 --- [auth-service] [http-nio-8082-exec-10] v.d.a.services.AuthenticationService     : verifyToken|authHeader: Bearer eyJhbGciOiJIUzI1NiJ9.eyJzdWIiOiJldGhhbnBoYW0iLCJpYXQiOjE3NTIxNjU5NzAsImV4cCI6MTc1MjE2NjA5MH0.V9NsJtkIhIB9hIt9JOVzgoYlH2a9z7UlBUqYaWcQEQ8
2025-07-10T16:47:18.829Z  INFO 1 --- [auth-service] [http-nio-8082-exec-10] v.d.a.services.AuthenticationService     : verifyToken|X-User-Token: ZXRoYW5waGFtOkFETUlO
2025-07-10T16:48:18.296Z  INFO 1 --- [auth-service] [AsyncResolver-bootstrap-executor-%d] c.n.d.s.r.aws.ConfigClusterResolver      : Resolving eureka endpoints via configuration
2025-07-10T16:48:46.225Z  INFO 1 --- [auth-service] [SpringApplicationShutdownHook] o.s.c.n.e.s.EurekaServiceRegistry        : Unregistering application AUTH-SERVICE with eureka with status DOWN
2025-07-10T16:48:46.241Z  INFO 1 --- [auth-service] [SpringApplicationShutdownHook] com.netflix.discovery.DiscoveryClient    : Saw local status change event StatusChangeEvent [timestamp=1752166126241, current=DOWN, previous=UP]
2025-07-10T16:48:46.252Z  INFO 1 --- [auth-service] [DiscoveryClient-InstanceInfoReplicator-%d] com.netflix.discovery.DiscoveryClient    : DiscoveryClient_AUTH-SERVICE/43ce74a79875:auth-service:8082: registering service...
2025-07-10T16:48:46.348Z  INFO 1 --- [auth-service] [DiscoveryClient-InstanceInfoReplicator-%d] com.netflix.discovery.DiscoveryClient    : DiscoveryClient_AUTH-SERVICE/43ce74a79875:auth-service:8082 - registration status: 204
2025-07-10T16:48:46.356Z  INFO 1 --- [auth-service] [SpringApplicationShutdownHook] o.s.b.w.e.tomcat.GracefulShutdown        : Commencing graceful shutdown. Waiting for active requests to complete
2025-07-10T16:48:46.393Z  INFO 1 --- [auth-service] [tomcat-shutdown] o.s.b.w.e.tomcat.GracefulShutdown        : Graceful shutdown complete
2025-07-10T16:48:46.448Z  INFO 1 --- [auth-service] [SpringApplicationShutdownHook] j.LocalContainerEntityManagerFactoryBean : Closing JPA EntityManagerFactory for persistence unit 'default'
2025-07-10T16:48:46.460Z  INFO 1 --- [auth-service] [SpringApplicationShutdownHook] com.zaxxer.hikari.HikariDataSource       : HikariPool-1 - Shutdown initiated...
2025-07-10T16:48:46.482Z  INFO 1 --- [auth-service] [SpringApplicationShutdownHook] com.zaxxer.hikari.HikariDataSource       : HikariPool-1 - Shutdown completed.
2025-07-10T16:48:46.485Z  INFO 1 --- [auth-service] [SpringApplicationShutdownHook] com.netflix.discovery.DiscoveryClient    : Shutting down DiscoveryClient ...
2025-07-10T16:48:49.487Z  INFO 1 --- [auth-service] [SpringApplicationShutdownHook] com.netflix.discovery.DiscoveryClient    : Unregistering ...
2025-07-10T16:48:49.496Z  INFO 1 --- [auth-service] [SpringApplicationShutdownHook] com.netflix.discovery.DiscoveryClient    : DiscoveryClient_AUTH-SERVICE/43ce74a79875:auth-service:8082 - deregister  status: 200
2025-07-10T16:48:49.497Z  INFO 1 --- [auth-service] [SpringApplicationShutdownHook] com.netflix.discovery.DiscoveryClient    : Completed shut down of DiscoveryClient
