2025-07-10T16:42:21.788Z  INFO 1 --- [department-service] [main] v.d.d.DepartmentServiceApplication       : Starting DepartmentServiceApplication v0.0.1-SNAPSHOT using Java 17.0.2 with PID 1 (/app/department-service-0.0.1-SNAPSHOT.jar started by root in /app)
2025-07-10T16:42:22.116Z  INFO 1 --- [department-service] [main] v.d.d.DepartmentServiceApplication       : No active profile set, falling back to 1 default profile: "default"
2025-07-10T16:42:34.907Z  INFO 1 --- [department-service] [main] .s.d.r.c.RepositoryConfigurationDelegate : Bootstrapping Spring Data JPA repositories in DEFAULT mode.
2025-07-10T16:42:36.100Z  INFO 1 --- [department-service] [main] .s.d.r.c.RepositoryConfigurationDelegate : Finished Spring Data repository scanning in 1091 ms. Found 1 JPA repository interface.
2025-07-10T16:42:37.641Z  INFO 1 --- [department-service] [main] o.s.cloud.context.scope.GenericScope     : BeanFactory id=4c32c387-d284-34a5-a225-b3279ca5667f
2025-07-10T16:42:43.615Z  INFO 1 --- [department-service] [main] o.s.b.w.embedded.tomcat.TomcatWebServer  : Tomcat initialized with port 8080 (http)
2025-07-10T16:42:43.763Z  INFO 1 --- [department-service] [main] o.apache.catalina.core.StandardService   : Starting service [Tomcat]
2025-07-10T16:42:43.795Z  INFO 1 --- [department-service] [main] o.apache.catalina.core.StandardEngine    : Starting Servlet engine: [Apache Tomcat/10.1.41]
2025-07-10T16:42:44.197Z  INFO 1 --- [department-service] [main] o.a.c.c.C.[Tomcat].[localhost].[/]       : Initializing Spring embedded WebApplicationContext
2025-07-10T16:42:44.227Z  INFO 1 --- [department-service] [main] w.s.c.ServletWebServerApplicationContext : Root WebApplicationContext: initialization completed in 20146 ms
2025-07-10T16:42:48.188Z  INFO 1 --- [department-service] [main] com.zaxxer.hikari.HikariDataSource       : HikariPool-1 - Starting...
2025-07-10T16:42:52.207Z  INFO 1 --- [department-service] [main] com.zaxxer.hikari.pool.HikariPool        : HikariPool-1 - Added connection com.mysql.cj.jdbc.ConnectionImpl@2ec85a25
2025-07-10T16:42:52.256Z  INFO 1 --- [department-service] [main] com.zaxxer.hikari.HikariDataSource       : HikariPool-1 - Start completed.
2025-07-10T16:42:52.971Z  INFO 1 --- [department-service] [main] o.hibernate.jpa.internal.util.LogHelper  : HHH000204: Processing PersistenceUnitInfo [name: default]
2025-07-10T16:42:53.709Z  INFO 1 --- [department-service] [main] org.hibernate.Version                    : HHH000412: Hibernate ORM core version 6.6.15.Final
2025-07-10T16:42:54.745Z  INFO 1 --- [department-service] [main] o.h.c.internal.RegionFactoryInitiator    : HHH000026: Second-level cache disabled
2025-07-10T16:42:57.939Z  INFO 1 --- [department-service] [main] o.s.o.j.p.SpringPersistenceUnitInfo      : No LoadTimeWeaver setup: ignoring JPA class transformer
2025-07-10T16:43:00.418Z  INFO 1 --- [department-service] [main] org.hibernate.orm.connections.pooling    : HHH10001005: Database info:
	Database JDBC URL [Connecting through datasource 'HikariDataSource (HikariPool-1)']
	Database driver: undefined/unknown
	Database version: 8.0.30
	Autocommit mode: undefined/unknown
	Isolation level: undefined/unknown
	Minimum pool size: undefined/unknown
	Maximum pool size: undefined/unknown
2025-07-10T16:43:06.443Z  INFO 1 --- [department-service] [main] o.h.e.t.j.p.i.JtaPlatformInitiator       : HHH000489: No JTA platform available (set 'hibernate.transaction.jta.platform' to enable JTA platform integration)
2025-07-10T16:43:06.493Z  INFO 1 --- [department-service] [main] j.LocalContainerEntityManagerFactoryBean : Initialized JPA EntityManagerFactory for persistence unit 'default'
2025-07-10T16:43:10.618Z  WARN 1 --- [department-service] [main] JpaBaseConfiguration$JpaWebConfiguration : spring.jpa.open-in-view is enabled by default. Therefore, database queries may be performed during view rendering. Explicitly configure spring.jpa.open-in-view to disable this warning
2025-07-10T16:43:17.429Z  INFO 1 --- [department-service] [main] DiscoveryClientOptionalArgsConfiguration : Eureka HTTP Client uses RestTemplate.
2025-07-10T16:43:17.944Z  WARN 1 --- [department-service] [main] iguration$LoadBalancerCaffeineWarnLogger : Spring Cloud LoadBalancer is currently working with the default cache. While this cache implementation is useful for development and tests, it's recommended to use Caffeine cache in production.You can switch to using Caffeine cache, by adding it and org.springframework.cache.caffeine.CaffeineCacheManager to the classpath.
2025-07-10T16:43:18.122Z  INFO 1 --- [department-service] [main] o.s.c.n.eureka.InstanceInfoFactory       : Setting initial instance status as: STARTING
2025-07-10T16:43:18.628Z  INFO 1 --- [department-service] [main] com.netflix.discovery.DiscoveryClient    : Initializing Eureka in region us-east-1
2025-07-10T16:43:18.717Z  INFO 1 --- [department-service] [main] c.n.d.s.r.aws.ConfigClusterResolver      : Resolving eureka endpoints via configuration
2025-07-10T16:43:18.770Z  INFO 1 --- [department-service] [main] com.netflix.discovery.DiscoveryClient    : Disable delta property : false
2025-07-10T16:43:18.800Z  INFO 1 --- [department-service] [main] com.netflix.discovery.DiscoveryClient    : Single vip registry refresh property : null
2025-07-10T16:43:18.805Z  INFO 1 --- [department-service] [main] com.netflix.discovery.DiscoveryClient    : Force full registry fetch : false
2025-07-10T16:43:18.809Z  INFO 1 --- [department-service] [main] com.netflix.discovery.DiscoveryClient    : Application is null : false
2025-07-10T16:43:18.809Z  INFO 1 --- [department-service] [main] com.netflix.discovery.DiscoveryClient    : Registered Applications size is zero : true
2025-07-10T16:43:18.810Z  INFO 1 --- [department-service] [main] com.netflix.discovery.DiscoveryClient    : Application version is -1: true
2025-07-10T16:43:18.811Z  INFO 1 --- [department-service] [main] com.netflix.discovery.DiscoveryClient    : Getting all instance registry info from the eureka server
2025-07-10T16:43:21.010Z  INFO 1 --- [department-service] [main] com.netflix.discovery.DiscoveryClient    : The response status is 200
2025-07-10T16:43:21.018Z  INFO 1 --- [department-service] [main] com.netflix.discovery.DiscoveryClient    : Starting heartbeat executor: renew interval is: 30
2025-07-10T16:43:21.031Z  INFO 1 --- [department-service] [main] c.n.discovery.InstanceInfoReplicator     : InstanceInfoReplicator onDemand update allowed rate per min is 4
2025-07-10T16:43:21.113Z  INFO 1 --- [department-service] [main] com.netflix.discovery.DiscoveryClient    : Discovery Client initialized at timestamp 1752165801064 with initial instances count: 0
2025-07-10T16:43:21.317Z  INFO 1 --- [department-service] [main] o.s.c.n.e.s.EurekaServiceRegistry        : Registering application DEPARTMENT-SERVICE with eureka with status UP
2025-07-10T16:43:21.338Z  INFO 1 --- [department-service] [main] com.netflix.discovery.DiscoveryClient    : Saw local status change event StatusChangeEvent [timestamp=1752165801337, current=UP, previous=STARTING]
2025-07-10T16:43:21.415Z  INFO 1 --- [department-service] [DiscoveryClient-InstanceInfoReplicator-%d] com.netflix.discovery.DiscoveryClient    : DiscoveryClient_DEPARTMENT-SERVICE/8d86a5d7fd9b:department-service:8080: registering service...
2025-07-10T16:43:21.685Z  INFO 1 --- [department-service] [main] o.s.b.w.embedded.tomcat.TomcatWebServer  : Tomcat started on port 8080 (http) with context path '/'
2025-07-10T16:43:21.732Z  INFO 1 --- [department-service] [main] .s.c.n.e.s.EurekaAutoServiceRegistration : Updating port to 8080
2025-07-10T16:43:21.827Z  INFO 1 --- [department-service] [main] v.d.d.DepartmentServiceApplication       : Started DepartmentServiceApplication in 64.784 seconds (process running for 71.792)
2025-07-10T16:43:22.241Z  INFO 1 --- [department-service] [DiscoveryClient-InstanceInfoReplicator-%d] com.netflix.discovery.DiscoveryClient    : DiscoveryClient_DEPARTMENT-SERVICE/8d86a5d7fd9b:department-service:8080 - registration status: 204
2025-07-10T16:43:51.022Z  INFO 1 --- [department-service] [DiscoveryClient-CacheRefreshExecutor-%d] com.netflix.discovery.DiscoveryClient    : Disable delta property : false
2025-07-10T16:43:51.062Z  INFO 1 --- [department-service] [DiscoveryClient-CacheRefreshExecutor-%d] com.netflix.discovery.DiscoveryClient    : Single vip registry refresh property : null
2025-07-10T16:43:51.065Z  INFO 1 --- [department-service] [DiscoveryClient-CacheRefreshExecutor-%d] com.netflix.discovery.DiscoveryClient    : Force full registry fetch : false
2025-07-10T16:43:51.067Z  INFO 1 --- [department-service] [DiscoveryClient-CacheRefreshExecutor-%d] com.netflix.discovery.DiscoveryClient    : Application is null : false
2025-07-10T16:43:51.070Z  INFO 1 --- [department-service] [DiscoveryClient-CacheRefreshExecutor-%d] com.netflix.discovery.DiscoveryClient    : Registered Applications size is zero : true
2025-07-10T16:43:51.072Z  INFO 1 --- [department-service] [DiscoveryClient-CacheRefreshExecutor-%d] com.netflix.discovery.DiscoveryClient    : Application version is -1: false
2025-07-10T16:43:51.075Z  INFO 1 --- [department-service] [DiscoveryClient-CacheRefreshExecutor-%d] com.netflix.discovery.DiscoveryClient    : Getting all instance registry info from the eureka server
2025-07-10T16:43:51.303Z  INFO 1 --- [department-service] [DiscoveryClient-CacheRefreshExecutor-%d] com.netflix.discovery.DiscoveryClient    : The response status is 200
2025-07-10T16:46:48.687Z  INFO 1 --- [department-service] [http-nio-8080-exec-1] o.a.c.c.C.[Tomcat].[localhost].[/]       : Initializing Spring DispatcherServlet 'dispatcherServlet'
2025-07-10T16:46:48.692Z  INFO 1 --- [department-service] [http-nio-8080-exec-1] o.s.web.servlet.DispatcherServlet        : Initializing Servlet 'dispatcherServlet'
2025-07-10T16:46:48.699Z  INFO 1 --- [department-service] [http-nio-8080-exec-1] o.s.web.servlet.DispatcherServlet        : Completed initialization in 6 ms
2025-07-10T16:48:18.829Z  INFO 1 --- [department-service] [AsyncResolver-bootstrap-executor-%d] c.n.d.s.r.aws.ConfigClusterResolver      : Resolving eureka endpoints via configuration
2025-07-10T16:48:49.694Z  INFO 1 --- [department-service] [SpringApplicationShutdownHook] o.s.c.n.e.s.EurekaServiceRegistry        : Unregistering application DEPARTMENT-SERVICE with eureka with status DOWN
2025-07-10T16:48:49.706Z  INFO 1 --- [department-service] [SpringApplicationShutdownHook] com.netflix.discovery.DiscoveryClient    : Saw local status change event StatusChangeEvent [timestamp=1752166129706, current=DOWN, previous=UP]
2025-07-10T16:48:49.719Z  INFO 1 --- [department-service] [DiscoveryClient-InstanceInfoReplicator-%d] com.netflix.discovery.DiscoveryClient    : DiscoveryClient_DEPARTMENT-SERVICE/8d86a5d7fd9b:department-service:8080: registering service...
2025-07-10T16:48:49.811Z  INFO 1 --- [department-service] [SpringApplicationShutdownHook] o.s.b.w.e.tomcat.GracefulShutdown        : Commencing graceful shutdown. Waiting for active requests to complete
2025-07-10T16:48:49.890Z  INFO 1 --- [department-service] [DiscoveryClient-InstanceInfoReplicator-%d] com.netflix.discovery.DiscoveryClient    : DiscoveryClient_DEPARTMENT-SERVICE/8d86a5d7fd9b:department-service:8080 - registration status: 204
2025-07-10T16:48:49.963Z  INFO 1 --- [department-service] [tomcat-shutdown] o.s.b.w.e.tomcat.GracefulShutdown        : Graceful shutdown complete
2025-07-10T16:48:49.992Z  INFO 1 --- [department-service] [SpringApplicationShutdownHook] j.LocalContainerEntityManagerFactoryBean : Closing JPA EntityManagerFactory for persistence unit 'default'
2025-07-10T16:48:50.044Z  INFO 1 --- [department-service] [SpringApplicationShutdownHook] com.zaxxer.hikari.HikariDataSource       : HikariPool-1 - Shutdown initiated...
2025-07-10T16:48:50.133Z  INFO 1 --- [department-service] [SpringApplicationShutdownHook] com.zaxxer.hikari.HikariDataSource       : HikariPool-1 - Shutdown completed.
2025-07-10T16:48:50.138Z  INFO 1 --- [department-service] [SpringApplicationShutdownHook] com.netflix.discovery.DiscoveryClient    : Shutting down DiscoveryClient ...
2025-07-10T16:48:53.141Z  INFO 1 --- [department-service] [SpringApplicationShutdownHook] com.netflix.discovery.DiscoveryClient    : Unregistering ...
2025-07-10T16:48:53.141Z  WARN 1 --- [department-service] [DiscoveryClient-%d] c.netflix.discovery.TimedSupervisorTask  : task supervisor shutting down, can't accept the task
2025-07-10T16:48:53.153Z  INFO 1 --- [department-service] [SpringApplicationShutdownHook] com.netflix.discovery.DiscoveryClient    : DiscoveryClient_DEPARTMENT-SERVICE/8d86a5d7fd9b:department-service:8080 - deregister  status: 200
2025-07-10T16:48:53.157Z  INFO 1 --- [department-service] [SpringApplicationShutdownHook] com.netflix.discovery.DiscoveryClient    : Completed shut down of DiscoveryClient
